ARM GAS  /var/folders/3v/0vdpwtnn553_pf4lcxv7_90h0000gn/T//ccGWakKJ.s 			page 1


   1              		.cpu cortex-m4
   2              		.eabi_attribute 27, 1
   3              		.eabi_attribute 28, 1
   4              		.eabi_attribute 20, 1
   5              		.eabi_attribute 21, 1
   6              		.eabi_attribute 23, 3
   7              		.eabi_attribute 24, 1
   8              		.eabi_attribute 25, 1
   9              		.eabi_attribute 26, 1
  10              		.eabi_attribute 30, 1
  11              		.eabi_attribute 34, 1
  12              		.eabi_attribute 18, 4
  13              		.file	"main.c"
  14              		.text
  15              	.Ltext0:
  16              		.cfi_sections	.debug_frame
  17              		.section	.text.main,"ax",%progbits
  18              		.align	1
  19              		.global	main
  20              		.arch armv7e-m
  21              		.syntax unified
  22              		.thumb
  23              		.thumb_func
  24              		.fpu fpv4-sp-d16
  26              	main:
  27              	.LFB130:
  28              		.file 1 "src/main.c"
   1:src/main.c    **** /**
   2:src/main.c    ****   ******************************************************************************
   3:src/main.c    ****   * @file    main.c
   4:src/main.c    ****   * @author  Ac6
   5:src/main.c    ****   * @version V1.0
   6:src/main.c    ****   * @date    01-December-2013
   7:src/main.c    ****   * @brief   Default main function.
   8:src/main.c    ****   ******************************************************************************
   9:src/main.c    **** */
  10:src/main.c    **** 
  11:src/main.c    **** 
  12:src/main.c    **** #include "stm32f3xx.h"
  13:src/main.c    **** #include "main.h"
  14:src/main.c    **** #include "midi_receive.h"
  15:src/main.c    **** #include "system_init.h"
  16:src/main.c    **** #include "cv_convert.h"
  17:src/main.c    **** 
  18:src/main.c    **** extern uint8_t dacbuffer[2];
  19:src/main.c    **** 
  20:src/main.c    **** int main(void)
  21:src/main.c    **** {
  29              		.loc 1 21 1 view -0
  30              		.cfi_startproc
  31              		@ Volatile: function does not return.
  32              		@ args = 0, pretend = 0, frame = 0
  33              		@ frame_needed = 0, uses_anonymous_args = 0
  34 0000 08B5     		push	{r3, lr}
  35              	.LCFI0:
  36              		.cfi_def_cfa_offset 8
  37              		.cfi_offset 3, -8
ARM GAS  /var/folders/3v/0vdpwtnn553_pf4lcxv7_90h0000gn/T//ccGWakKJ.s 			page 2


  38              		.cfi_offset 14, -4
  22:src/main.c    **** 	system_config();
  39              		.loc 1 22 2 view .LVU1
  40 0002 FFF7FEFF 		bl	system_config
  41              	.LVL0:
  23:src/main.c    **** 	midi_rx_init();
  42              		.loc 1 23 2 view .LVU2
  43 0006 FFF7FEFF 		bl	midi_rx_init
  44              	.LVL1:
  24:src/main.c    **** 	midi_to_cv_init();
  45              		.loc 1 24 2 view .LVU3
  46 000a FFF7FEFF 		bl	midi_to_cv_init
  47              	.LVL2:
  25:src/main.c    **** 	dacbuffer[0] = 0;
  48              		.loc 1 25 2 view .LVU4
  49              		.loc 1 25 15 is_stmt 0 view .LVU5
  50 000e 034B     		ldr	r3, .L4
  51 0010 0022     		movs	r2, #0
  52 0012 1A70     		strb	r2, [r3]
  26:src/main.c    **** 	dacbuffer[1] = 0;
  53              		.loc 1 26 2 is_stmt 1 view .LVU6
  54              		.loc 1 26 15 is_stmt 0 view .LVU7
  55 0014 5A70     		strb	r2, [r3, #1]
  56              	.L2:
  27:src/main.c    **** 	while(1){
  57              		.loc 1 27 2 is_stmt 1 discriminator 1 view .LVU8
  28:src/main.c    **** 		getMIDIMessages();
  58              		.loc 1 28 3 discriminator 1 view .LVU9
  59 0016 FFF7FEFF 		bl	getMIDIMessages
  60              	.LVL3:
  27:src/main.c    **** 	while(1){
  61              		.loc 1 27 7 discriminator 1 view .LVU10
  62 001a FCE7     		b	.L2
  63              	.L5:
  64              		.align	2
  65              	.L4:
  66 001c 00000000 		.word	dacbuffer
  67              		.cfi_endproc
  68              	.LFE130:
  70              		.text
  71              	.Letext0:
  72              		.file 2 "/usr/local/Caskroom/gcc-arm-embedded/9-2019-q4-major/gcc-arm-none-eabi-9-2019-q4-major/ar
  73              		.file 3 "/usr/local/Caskroom/gcc-arm-embedded/9-2019-q4-major/gcc-arm-none-eabi-9-2019-q4-major/ar
  74              		.file 4 "Drivers/CMSIS/Include/core_cm4.h"
  75              		.file 5 "Drivers/CMSIS/Device/ST/STM32F3xx/Include/system_stm32f3xx.h"
  76              		.file 6 "inc/system_init.h"
  77              		.file 7 "inc/midi_receive.h"
  78              		.file 8 "inc/cv_convert.h"
ARM GAS  /var/folders/3v/0vdpwtnn553_pf4lcxv7_90h0000gn/T//ccGWakKJ.s 			page 3


DEFINED SYMBOLS
                            *ABS*:0000000000000000 main.c
/var/folders/3v/0vdpwtnn553_pf4lcxv7_90h0000gn/T//ccGWakKJ.s:18     .text.main:0000000000000000 $t
/var/folders/3v/0vdpwtnn553_pf4lcxv7_90h0000gn/T//ccGWakKJ.s:26     .text.main:0000000000000000 main
/var/folders/3v/0vdpwtnn553_pf4lcxv7_90h0000gn/T//ccGWakKJ.s:66     .text.main:000000000000001c $d

UNDEFINED SYMBOLS
system_config
midi_rx_init
midi_to_cv_init
getMIDIMessages
dacbuffer
